2026-03-22 22:45:52 INFO  AirportManager - Добавлен аппарат: 123
2026-03-22 22:46:13,256 INFO  com.example.airport.AirportManager - Добавлен аппарат: 123
2026-03-22 23:04:16,435 INFO  com.example.airport.AirportManager - Добавлен аппарат: Boing 137
2026-03-22 23:05:34,763 INFO  com.example.airport.AirportManager - Добавлен аппарат: Robot
2026-03-22 23:05:55,051 INFO  com.example.airport.AirportManager - Добавлен аппарат: Boing 125
2026-03-22 23:08:34,315 INFO  com.example.airport.AirportManager - Добавлен аппарат: 123
2026-03-22 23:09:40,715 INFO  com.example.airport.AirportManager - Добавлен аппарат: 123
2026-03-22 23:12:14,463 INFO  com.example.airport.AirportManager - Добавлен аппарат: Boing
2026-03-22 23:13:16,569 INFO  com.example.airport.AirportManager - Добавлен аппарат: Boing 137
2026-03-22 23:14:24,415 INFO  com.example.airport.AirportManager - Добавлен аппарат: 123
2026-03-22 23:14:48,418 INFO  com.example.airport.AirportManager - Добавлен аппарат: 234
2026-03-22 23:16:52,423 INFO  com.example.airport.AirportManager - Добавлен аппарат: 123
2026-03-22 23:17:00,760 INFO  com.example.airport.AirportManager - Добавлен аппарат: 123
2026-03-22 23:17:08,063 INFO  com.example.airport.AirportManager - Добавлен аппарат: 345
2026-03-22 23:18:28,312 ERROR com.example.airport.AirportManager - Ошибка доступа при удалении
2026-03-22 23:18:46,168 ERROR com.example.airport.AirportManager - Ошибка доступа при удалении
2026-03-22 23:19:17,794 INFO  com.example.airport.AirportManager - Добавлен аппарат: 1
2026-03-22 23:19:49,336 INFO  com.example.airport.AirportManager - Данные сохранены в fleet.dat
2026-03-22 23:19:57,544 INFO  com.example.airport.AirportManager - Данные загружены из fleet.dat
2026-03-22 23:20:15,485 ERROR com.example.airport.AirportManager - Ошибка доступа при удалении
2026-03-22 23:30:21,249 INFO  com.example.airport.AirportManager - Данные загружены из fleet.dat
2026-03-22 23:30:29,767 INFO  com.example.airport.AirportManager - Удален аппарат: 123 (индекс 2)
2026-03-22 23:31:44,233 INFO  com.example.airport.AirportManager - Данные загружены из fleet.dat
2026-03-22 23:31:54,387 WARN  com.example.airport.AirportManager - Попытка удаления по несуществующему индексу: 0
2026-03-22 23:32:51,138 INFO  com.example.airport.AirportManager - Данные загружены из fleet.dat
2026-03-22 23:32:55,945 INFO  com.example.airport.AirportManager - Удален аппарат: 1 (индекс 0)
2026-03-22 23:34:30,521 INFO  com.example.airport.AirportManager - Данные загружены из fleet.dat
2026-03-22 23:54:55,294 INFO  com.example.airport.AirportManager - Данные загружены из fleet.dat
2026-03-22 23:57:22,451 INFO  com.example.airport.AirportManager - Добавлен аппарат: 123
2026-03-22 23:57:45,517 INFO  com.example.airport.AirportManager - Добавлен аппарат: 123
2026-03-23 00:04:36,974 INFO  com.example.airport.AirportManager - Добавлен аппарат: 123
2026-03-23 00:14:10,850 ERROR com.example.airport.AirportManager - Некорректный ввод числа. Ожидалось int, получено: 'a'
2026-03-23 00:14:18,339 WARN  com.example.airport.AirportManager - Пользователь ввел недопустимый год: 1902
2026-03-23 00:14:22,749 ERROR com.example.airport.AirportManager - Некорректный ввод числа. Ожидалось int, получено: 'a'
2026-03-23 00:14:33,001 INFO  com.example.airport.AirportManager - Добавлен аппарат: 123
2026-03-23 21:10:58,916 ERROR com.example.airport.AirportManager - Ошибка загрузки
java.io.InvalidClassException: com.example.airport.Plane; local class incompatible: stream classdesc serialVersionUID = -3082475075422699757, local class serialVersionUID = -3914318129166295240
	at java.base/java.io.ObjectStreamClass.initNonProxy(ObjectStreamClass.java:496)
	at java.base/java.io.ObjectInputStream.readNonProxyDesc(ObjectInputStream.java:1927)
	at java.base/java.io.ObjectInputStream.readClassDesc(ObjectInputStream.java:1785)
	at java.base/java.io.ObjectInputStream.readOrdinaryObject(ObjectInputStream.java:2101)
	at java.base/java.io.ObjectInputStream.readObject0(ObjectInputStream.java:1620)
	at java.base/java.io.ObjectInputStream.readObject(ObjectInputStream.java:487)
	at java.base/java.io.ObjectInputStream.readObject(ObjectInputStream.java:445)
	at java.base/java.util.ArrayList.readObject(ArrayList.java:982)
	at java.base/jdk.internal.reflect.DirectMethodHandleAccessor.invoke(DirectMethodHandleAccessor.java:104)
	at java.base/java.lang.reflect.Method.invoke(Method.java:565)
	at java.base/java.io.ObjectStreamClass.invokeReadObject(ObjectStreamClass.java:976)
	at java.base/java.io.ObjectInputStream.readSerialData(ObjectInputStream.java:2302)
	at java.base/java.io.ObjectInputStream.readOrdinaryObject(ObjectInputStream.java:2133)
	at java.base/java.io.ObjectInputStream.readObject0(ObjectInputStream.java:1620)
	at java.base/java.io.ObjectInputStream.readObject(ObjectInputStream.java:487)
	at java.base/java.io.ObjectInputStream.readObject(ObjectInputStream.java:445)
	at com.example.airport/com.example.airport.AirportManager.loadFromFile(AirportManager.java:133)
	at com.example.airport/com.example.airport.Main.main(Main.java:204)
2026-03-23 21:11:02,456 INFO  com.example.airport.AirportManager - Выполнена демонстрация полёта через интерфейс Flyable
2026-03-23 21:12:02,977 INFO  com.example.airport.AirportManager - Добавлен аппарат: Boing 137
2026-03-23 21:12:12,900 INFO  com.example.airport.AirportManager - Выполнена демонстрация полёта через интерфейс Flyable
2026-03-23 21:18:17,408 WARN  com.example.airport.AirportManager - Пользователь ввел недопустимый год: 123
2026-03-23 21:18:29,759 INFO  com.example.airport.AirportManager - Добавлен аппарат: 132
2026-03-23 21:18:36,899 INFO  com.example.airport.AirportManager - Проведено техническое обслуживание авиапарка.
2026-03-24 20:17:50,315 ERROR com.example.airport.AirportManager - Ошибка загрузки
java.io.InvalidClassException: com.example.airport.Aircraft; local class incompatible: stream classdesc serialVersionUID = -2333088526623993990, local class serialVersionUID = -8266884844621410654
	at java.base/java.io.ObjectStreamClass.initNonProxy(ObjectStreamClass.java:496)
	at java.base/java.io.ObjectInputStream.readNonProxyDesc(ObjectInputStream.java:1927)
	at java.base/java.io.ObjectInputStream.readClassDesc(ObjectInputStream.java:1785)
	at java.base/java.io.ObjectInputStream.readNonProxyDesc(ObjectInputStream.java:1927)
	at java.base/java.io.ObjectInputStream.readClassDesc(ObjectInputStream.java:1785)
	at java.base/java.io.ObjectInputStream.readOrdinaryObject(ObjectInputStream.java:2101)
	at java.base/java.io.ObjectInputStream.readObject0(ObjectInputStream.java:1620)
	at java.base/java.io.ObjectInputStream.readObject(ObjectInputStream.java:487)
	at java.base/java.io.ObjectInputStream.readObject(ObjectInputStream.java:445)
	at java.base/java.util.ArrayList.readObject(ArrayList.java:982)
	at java.base/jdk.internal.reflect.DirectMethodHandleAccessor.invoke(DirectMethodHandleAccessor.java:104)
	at java.base/java.lang.reflect.Method.invoke(Method.java:565)
	at java.base/java.io.ObjectStreamClass.invokeReadObject(ObjectStreamClass.java:976)
	at java.base/java.io.ObjectInputStream.readSerialData(ObjectInputStream.java:2302)
	at java.base/java.io.ObjectInputStream.readOrdinaryObject(ObjectInputStream.java:2133)
	at java.base/java.io.ObjectInputStream.readObject0(ObjectInputStream.java:1620)
	at java.base/java.io.ObjectInputStream.readObject(ObjectInputStream.java:487)
	at java.base/java.io.ObjectInputStream.readObject(ObjectInputStream.java:445)
	at com.example.airport/com.example.airport.AirportManager.loadFromFile(AirportManager.java:135)
	at com.example.airport/com.example.airport.Main.main(Main.java:204)
2026-03-24 20:18:35,803 INFO  com.example.airport.AirportManager - Добавлен аппарат: Boing 137
2026-03-24 20:19:20,250 INFO  com.example.airport.AirportManager - Добавлен аппарат: IO-1
2026-03-24 20:19:50,249 INFO  com.example.airport.AirportManager - Добавлен аппарат: X012
2026-03-24 20:20:03,847 INFO  com.example.airport.AirportManager - Данные успешно экспортированы в CSV: fleet.csv
2026-03-24 20:21:11,539 WARN  com.example.airport.AirportManager - Попытка аренды без ТО: Boing 137
2026-03-24 20:21:35,646 INFO  com.example.airport.AirportManager - Выполнено ТО для выбранного аппарата: IO-1
2026-03-24 20:21:44,315 WARN  com.example.airport.AirportManager - Попытка аренды без ТО: Boing 137
2026-03-24 20:21:52,668 INFO  com.example.airport.AirportManager - Аппарат 'IO-1' успешно арендован на 5 дней
2026-03-24 20:22:48,262 INFO  com.example.airport.AirportManager - Добавлен аппарат: Boing 201
2026-03-24 20:23:25,035 INFO  com.example.airport.AirportManager - Данные успешно экспортированы в CSV: fleet.csv
2026-03-24 20:24:03,871 INFO  com.example.airport.AirportManager - Данные сохранены в fleet.dat
2026-03-24 20:51:09,898 INFO  com.example.airport.AirportManager - Данные загружены из fleet.dat
2026-03-24 20:52:02,032 INFO  com.example.airport.AirportManager - Добавлен аппарат: boing 456
2026-03-24 20:52:17,671 WARN  com.example.airport.AirportManager - Попытка аренды без ТО: boing 456
2026-03-24 20:52:35,587 INFO  com.example.airport.AirportManager - Выполнено ТО для выбранного аппарата: boing 456
2026-03-24 20:52:49,596 INFO  com.example.airport.AirportManager - Аппарат 'boing 456' успешно арендован на 30 дней
2026-03-24 20:53:00,783 INFO  com.example.airport.AirportManager - Проведено техническое обслуживание авиапарка.
2026-03-24 20:53:08,452 INFO  com.example.airport.AirportManager - Данные успешно экспортированы в CSV: fleet.csv
